<?xml version="1.0" encoding="UTF-8"?>
<!-- Generated by org.testng.reporters.JUnitReportReporter -->
<testsuite hostname="DESKTOP-BSLFG6H" failures="0" tests="1" name="com.Actitime.TestScripts.CreateCustomer" time="44.201" errors="0" timestamp="2023-09-29T11:19:10 IST" skipped="0">
  <testcase classname="com.Actitime.TestScripts.CreateCustomer" name="createCustomer" time="44.201"/>
  <system-out>
    <![CDATA[database connected
Browser launched successfully
logged in successfully
logged out successfully
Browser closed successfully
database disconnected]]>
  </system-out>
</testsuite> <!-- com.Actitime.TestScripts.CreateCustomer -->
